[debug] [2021-12-07T18:15:21.649Z] ----------------------------------------------------------------------
[debug] [2021-12-07T18:15:21.651Z] Command:       C:\Program Files\nodejs\node.exe C:\Users\khali\AppData\Roaming\npm\node_modules\firebase-tools\lib\bin\firebase.js init
[debug] [2021-12-07T18:15:21.652Z] CLI Version:   9.23.0
[debug] [2021-12-07T18:15:21.652Z] Platform:      win32
[debug] [2021-12-07T18:15:21.652Z] Node Version:  v17.2.0
[debug] [2021-12-07T18:15:21.653Z] Time:          Tue Dec 07 2021 13:15:21 GMT-0500 (Eastern Standard Time)
[debug] [2021-12-07T18:15:21.654Z] ----------------------------------------------------------------------
[debug] 
[debug] [2021-12-07T18:15:21.663Z] > command requires scopes: ["email","openid","https://www.googleapis.com/auth/cloudplatformprojects.readonly","https://www.googleapis.com/auth/firebase","https://www.googleapis.com/auth/cloud-platform"]
[debug] [2021-12-07T18:15:21.663Z] > authorizing via signed-in user (ilikekhalid@gmail.com)
[info] 
     ######## #### ########  ######## ########     ###     ######  ########
     ##        ##  ##     ## ##       ##     ##  ##   ##  ##       ##
     ######    ##  ########  ######   ########  #########  ######  ######
     ##        ##  ##    ##  ##       ##     ## ##     ##       ## ##
     ##       #### ##     ## ######## ########  ##     ##  ######  ########

You're about to initialize a Firebase project in this directory:

  C:\Users\khali\AndroidStudioProjects\StudyBuddy123\StudyBuddy

[debug] [2021-12-07T18:18:29.552Z] ----------------------------------------------------------------------
[debug] [2021-12-07T18:18:29.554Z] Command:       C:\Program Files\nodejs\node.exe C:\Users\khali\AppData\Roaming\npm\node_modules\firebase-tools\lib\bin\firebase.js init hosting
[debug] [2021-12-07T18:18:29.555Z] CLI Version:   9.23.0
[debug] [2021-12-07T18:18:29.555Z] Platform:      win32
[debug] [2021-12-07T18:18:29.555Z] Node Version:  v17.2.0
[debug] [2021-12-07T18:18:29.556Z] Time:          Tue Dec 07 2021 13:18:29 GMT-0500 (Eastern Standard Time)
[debug] [2021-12-07T18:18:29.557Z] ----------------------------------------------------------------------
[debug] 
[debug] [2021-12-07T18:18:29.566Z] > command requires scopes: ["email","openid","https://www.googleapis.com/auth/cloudplatformprojects.readonly","https://www.googleapis.com/auth/firebase","https://www.googleapis.com/auth/cloud-platform"]
[debug] [2021-12-07T18:18:29.567Z] > authorizing via signed-in user (ilikekhalid@gmail.com)
[info] 
     ######## #### ########  ######## ########     ###     ######  ########
     ##        ##  ##     ## ##       ##     ##  ##   ##  ##       ##
     ######    ##  ########  ######   ########  #########  ######  ######
     ##        ##  ##    ##  ##       ##     ## ##     ##       ## ##
     ##       #### ##     ## ######## ########  ##     ##  ######  ########

You're about to initialize a Firebase project in this directory:

  C:\Users\khali\AndroidStudioProjects\StudyBuddy123\StudyBuddy

[info] 
=== Project Setup
[info] 
[info] First, let's associate this project directory with a Firebase project.
[info] You can create multiple project aliases by running firebase use --add, 
[info] but for now we'll just set up a default project.
[info] 
